<?xml version="1.0"?>
<!DOCTYPE Configure PUBLIC "-//Mort Bay Consulting//DTD Configure//EN" "http://www.eclipse.org/jetty/configure_9_0.dtd">

<!-- =============================================================== -->
<!-- Configure the test-jndi webapp                                  -->
<!-- =============================================================== -->
<Configure id='wac' class="org.eclipse.jetty.webapp.WebAppContext">

  <Set name="contextPath">/test-jaas</Set>
  <Set name="war"><Property name="jetty.webapps" default="."/>/test-jaas.war</Set>
  <Set name="extractWAR">true</Set>

  <Set name="securityHandler">
    <New class="org.eclipse.jetty.security.ConstraintSecurityHandler">
     <Set name="loginService">
       <New class="org.eclipse.jetty.jaas.JAASLoginService">
         <Set name="name">Test JAAS Realm</Set>
         <Set name="loginModuleName">xyz</Set>
       </New>
     </Set>
    </New>
  </Set>

</Configure>

